0:100  0:100  MemLog inited, TSC freq: 3192431340
0:100  0:000  CPU was calibrated with RTC
0:100  0:000  
0:100  0:000  Now is 10.4.2019,  15:37:23 (GMT)
0:100  0:000  Starting Clover revision: 4910 on American Megatrends EFI
0:100  0:000  Build with: [Args: -nb -mc --no-usb -D NO_GRUB_DRIVERS_EMBEDDED | -D DISABLE_USB_SUPPORT -D NO_GRUB_DRIVERS_EMBEDDED -D USE_BIOS_BLOCKIO -D USE_LOW_EBDA -D HAVE_LEGACY_EMURUNTIMEDXE -a X64 -b RELEASE -t XCODE8 -n 5 | OS: 10.13.6 | XCODE: 10.1]
0:100  0:000  SelfDevicePath=PciRoot(0x0)\Pci(0x1B,0x4)\Pci(0x0,0x0)\NVMe(0x1,6A-3B-B3-81-54-38-25-00)\HD(1,GPT,110664B5-1165-416E-A6E0-92F6948486BE,0x28,0x64000) @B03CCA18
0:100  0:000  SelfDirPath = \EFI\BOOT
0:101  0:000  === [ Get Smbios ] ========================================
0:101  0:000  Type 16 Index = 0
0:101  0:000  Total Memory Slots Count = 4
0:101  0:000  Type 17 Index = 0
0:101  0:000  SmbiosTable.Type17->Speed = 3600MHz
0:101  0:000  SmbiosTable.Type17->Size = 8192MB
0:101  0:000  SmbiosTable.Type17->Bank/Device = BANK 0 ChannelA-DIMM0
0:101  0:000  SmbiosTable.Type17->Vendor = 04CD
0:101  0:000  SmbiosTable.Type17->SerialNumber = 00000000
0:101  0:000  SmbiosTable.Type17->PartNumber = F4-3200C16-8GVKB    
0:101  0:000  Type 17 Index = 1
0:101  0:000  Ignoring insane frequency value 0MHz
0:101  0:000  SmbiosTable.Type17->Speed = 0MHz
0:101  0:000  SmbiosTable.Type17->Size = 0MB
0:101  0:000  SmbiosTable.Type17->Bank/Device = BANK 1 ChannelA-DIMM1
0:101  0:000  SmbiosTable.Type17->Vendor = <null string>
0:101  0:000  SmbiosTable.Type17->SerialNumber = <null string>
0:101  0:000  SmbiosTable.Type17->PartNumber = <null string>
0:101  0:000  Type 17 Index = 2
0:101  0:000  SmbiosTable.Type17->Speed = 3600MHz
0:101  0:000  SmbiosTable.Type17->Size = 8192MB
0:101  0:000  SmbiosTable.Type17->Bank/Device = BANK 2 ChannelB-DIMM0
0:101  0:000  SmbiosTable.Type17->Vendor = 04CD
0:101  0:000  SmbiosTable.Type17->SerialNumber = 00000000
0:101  0:000  SmbiosTable.Type17->PartNumber = F4-3200C16-8GVKB    
0:101  0:000  Type 17 Index = 3
0:101  0:000  Ignoring insane frequency value 0MHz
0:101  0:000  SmbiosTable.Type17->Speed = 0MHz
0:101  0:000  SmbiosTable.Type17->Size = 0MB
0:101  0:000  SmbiosTable.Type17->Bank/Device = BANK 3 ChannelB-DIMM1
0:101  0:000  SmbiosTable.Type17->Vendor = <null string>
0:101  0:000  SmbiosTable.Type17->SerialNumber = <null string>
0:101  0:000  SmbiosTable.Type17->PartNumber = <null string>
0:101  0:000  Boot status=0
0:101  0:000  Running on: 'Z370N WIFI' with board 'Z370N WIFI-CF'
0:101  0:000  === [ GetCPUProperties ] ==================================
0:101  0:000  CPU Vendor = 756E6547 Model=906EA
0:101  0:000   The CPU supported SSE4.1
0:101  0:000  BrandString = Intel(R) Core(TM) i7-8700 CPU @ 3.20GHz
0:101  0:000   The CPU supported turbo
0:101  0:000  MSR 0x35               6000C
0:101  0:000   TSC/CCC Information Leaf:
0:101  0:000    numerator     : 266
0:101  0:000    denominator   : 2
0:101  0:000   Calibrated ARTFrequency: 24003243
0:101  0:000  MSR 0xE2 before patch 1E000000
0:101  0:000  MSR 0xCE              08080838_F1012000
0:101  0:000  corrected FLEX_RATIO = 0
0:101  0:000  FSBFrequency = 135 MHz, DMI FSBFrequency = 100 MHz, Corrected FSBFrequency = 100 MHz
0:101  0:000  MaxDiv/MinDiv: 32.0/8
0:101  0:000  Turbo: 46/46/46/46
0:101  0:000  Features: 0xBFEBFBFF
0:101  0:000  Threads: 12
0:101  0:000  Cores: 6
0:101  0:000  FSB: 100 MHz
0:101  0:000  CPU: 4300 MHz
0:101  0:000  TSC: 4300 MHz
0:101  0:000  PIS: 100 MHz
0:101  0:000  ExternalClock: 25 MHz
0:101  0:000  === [ GetDevices ] ========================================
0:101  0:000  PCI (00|00:00.00) : 8086 3EC2 class=060000
0:101  0:000  PCI (00|00:01.00) : 8086 1901 class=060400
0:101  0:000  PCI (00|01:00.00) : 1002 67FF class=030000
0:101  0:000   - GFX: Model=AMD Radeon RX 560 (ATI/AMD)
0:101  0:000  PCI (00|01:00.01) : 1002 AAE0 class=040300
0:101  0:000   - HDMI Audio: 
0:101  0:000  PCI (00|00:02.00) : 8086 3E92 class=038000
0:101  0:000   - GFX: Model=Intel UHD Graphics 630 (Intel)
0:101  0:000  PCI (00|00:08.00) : 8086 1911 class=088000
0:101  0:000  PCI (00|00:14.00) : 8086 A2AF class=0C0330
0:101  0:000  PCI (00|00:16.00) : 8086 A2BA class=078000
0:101  0:000  PCI (00|00:17.00) : 8086 A282 class=010601
0:101  0:000  PCI (00|00:1B.00) : 8086 A2E7 class=060400
0:101  0:000  PCI (00|00:1B.02) : 8086 A2E9 class=060400
0:101  0:000  PCI (00|00:1B.04) : 8086 A2EB class=060400
0:101  0:000  PCI (00|04:00.00) : 144D A808 class=010802
0:101  0:000  PCI (00|00:1C.00) : 8086 A290 class=060400
0:101  0:000  PCI (00|00:1C.05) : 8086 A295 class=060400
0:101  0:000  PCI (00|06:00.00) : 8086 1539 class=020000
0:101  0:000   - LAN: 0 Vendor=Intel
0:101  0:000  PCI (00|00:1C.06) : 8086 A296 class=060400
0:101  0:000  PCI (00|07:00.00) : 14E4 43A0 class=028000
0:101  0:000   - WIFI: Vendor=Broadcom
0:101  0:000  PCI (00|00:1C.07) : 8086 A297 class=060400
0:101  0:000  PCI (00|00:1D.00) : 8086 A298 class=060400
0:101  0:000  PCI (00|00:1D.04) : 8086 A29C class=060400
0:101  0:000  PCI (00|00:1F.00) : 8086 A2C9 class=060100
0:101  0:000  PCI (00|00:1F.02) : 8086 A2A1 class=058000
0:101  0:000  PCI (00|00:1F.03) : 8086 A2F0 class=040300
0:101  0:000  PCI (00|00:1F.04) : 8086 A2A3 class=0C0500
0:101  0:000  PCI (00|00:1F.06) : 8086 15B8 class=020000
0:101  0:000   - LAN: 1 Vendor=Intel
0:101  0:000  === [ GetDefaultSettings ] ================================
0:101  0:000  Clover load options size = 0 bytes
0:103  0:001  EFI\CLOVER\config.plist loaded: Success
0:103  0:000  === [ GetListOfThemes ] ===================================
0:103  0:000  - [00]: random
0:104  0:001  - [00]: Lightness256
0:105  0:000  - [01]: embedded
0:106  0:000  === [ Found config plists ] ===============================
0:106  0:000  - config.plist
0:107  0:000  === [ GetEarlyUserSettings ] ==============================
0:107  0:000  timeout set to 3
0:107  0:000  Custom boot CUSTOM_BOOT_DISABLED (0x0)
0:107  0:000  Default theme: Lightness256
0:107  0:000  Hiding entries with string Recovery
0:107  0:000  Hiding entries with string Preboot
0:107  0:000  === [ LoadDrivers ] =======================================
0:107  0:000  Loading ApfsDriverLoader.efi  status=Success
0:108  0:001   - driver needs connecting
0:108  0:000  Loading AppleUiSupport.efi  status=Success
0:211  0:102  Loading AptioInputFix.efi  status=Success
0:212  0:001  Loading AptioMemoryFix.efi  status=Success
0:213  0:001  Loading FSInject-64.efi  status=Success
0:214  0:001  Loading SMCHelper-64.efi  status=Success
0:216  0:001  Loading UsbKbDxe.efi  status=Success
0:217  0:001   - driver needs connecting
0:217  0:000  Loading VBoxHfs-64.efi  status=Success
0:218  0:000   - driver needs connecting
0:218  0:000  3 drivers needs connecting ...
0:218  0:000  PlatformDriverOverrideProtocol->GetDriver overriden
0:218  0:000  APFS driver loaded
0:218  0:000  Searching for invalid DiskIo BY_DRIVER connects: not found, all ok
1:002  0:783  === [ InitScreen ] ========================================
1:002  0:000  Console modes reported: 6, available modes:
1:002  0:000   - [01]: 80x25 (current mode)
1:002  0:000   - [02]: 80x50
1:002  0:000   - [03]: 100x31
1:002  0:000   - [04]: 127x33
1:002  0:000   - [05]: 100x60
1:002  0:000   - [06]: 120x50
1:002  0:000  SetScreenResolution: 2560x1440 - setting Mode 5
1:189  0:187  Video mode change to mode #5: Success
1:189  0:000  reinit: self device path=PciRoot(0x0)\Pci(0x1B,0x4)\Pci(0x0,0x0)\NVMe(0x1,6A-3B-B3-81-54-38-25-00)\HD(1,GPT,110664B5-1165-416E-A6E0-92F6948486BE,0x28,0x64000)
1:190  0:000  Using embedded font: Success
1:191  0:000  === [ GetMacAddress ] =====================================
1:191  0:000  MAC address of LAN #0= E0:D5:5E:A5:89:92:
1:191  0:000  MAC address of LAN #1= E0:D5:5E:A5:89:90:
1:191  0:000  === [ ScanSPD ] ===========================================
1:191  0:000  Scanning SMBus [8086:A2A3], mmio: 0xF764A004, ioport: 0xF040, hostc: 0x11
1:208  0:017  Slot: 0 Type 26 8192MB 3200MHz Vendor=G Skill Intl PartNo=F4-3200C16-8GVKB SerialNo=0000000000000000
1:226  0:017  Slot: 2 Type 26 8192MB 3200MHz Vendor=G Skill Intl PartNo=F4-3200C16-8GVKB SerialNo=0000000000000000
1:227  0:000  === [ GetAcpiTablesList ] =================================
1:227  0:000  Get Acpi Tables List from RSDT:
1:227  0:000   - [00]: FACP  A M I len=132
1:227  0:000   - [01]: APIC  A M I len=244
1:227  0:000   - [02]: FPDT  A M I len=68
1:227  0:000   - [03]: FIDT  A M I len=156
1:227  0:000   - [04]: MCFG  A M I len=60
1:227  0:000   - [05]: SSDT  A M I len=931
1:227  0:000   - [06]: SSDT  A M I len=32053
1:227  0:000   - [07]: SSDT  A M I len=12645
1:227  0:000   - [08]: SSDT  A M I len=10051
1:227  0:000   - [09]: HPET  A M I len=56
1:227  0:000   - [10]: SSDT  A M I len=4522
1:227  0:000   - [11]: SSDT  A M I len=10967
1:227  0:000   - [12]: UEFI  A M I len=66
1:227  0:000   - [13]: SSDT  A M I len=6062
1:227  0:000   - [14]: LPIT  A M I len=148
1:227  0:000   - [15]: SSDT  A M I len=321
1:227  0:000   - [16]: SSDT  A M I len=671
1:227  0:000   - [17]: SSDT  A M I len=12290
1:227  0:000   - [18]: SSDT  A M I len=1303
1:227  0:000   - [19]: SSDT  A M I len=745
1:227  0:000   - [20]: DBGP  A M I len=52
1:227  0:000   - [21]: DBG2  A M I len=84
1:227  0:000   - [22]: DMAR  A M I len=168
1:227  0:000   - [23]: BGRT  A M I len=56
1:227  0:000   - [24]: WSMT  A M I len=40
1:227  0:000  Calibrated TSC Frequency = 3192431340 = 3192MHz
1:227  0:000  === [ GetUserSettings ] ===================================
1:227  0:000  Add 1 devices:
1:227  0:000  USB FixOwnership: yes
1:227  0:000  Using ProductName from config: iMac18,3
1:227  0:000  Using latest BiosVersion from clover
1:227  0:000  BiosVersion: IM183.88Z.F000.B00.1902181222
1:227  0:000  BiosReleaseDate: 02/18/2019
1:227  0:000  Using EfiVersion from config: 167.0.0.0.0
1:227  0:000  Using FirmwareFeatures from config: 0xFC0FE137
1:227  0:000  Using FirmwareFeaturesMask from config: 0xFF1FFF3F
1:227  0:000  Board-ID set from config as Mac-BE088AF8C5EB4FA2
1:227  0:000  BoardType: 0xA
1:227  0:000  ChassisType: 0x9
1:227  0:000  === [ Found DSDT tables ] =================================
1:231  0:003  === [ ScanVolumes ] =======================================
1:231  0:000  Found 21 volumes with blockIO
1:231  0:000  - [00]: Volume: PciRoot(0x0)\Pci(0x17,0x0)\Sata(0x0,0xFFFF,0x0)
1:232  0:000  - [01]: Volume: PciRoot(0x0)\Pci(0x17,0x0)\Sata(0x3,0xFFFF,0x0)
1:234  0:002  - [02]: Volume: PciRoot(0x0)\Pci(0x17,0x0)\Sata(0x0,0xFFFF,0x0)\HD(1,GPT,6D7EEEA3-4DA7-41DA-8A33-49B71213C764,0x800,0xF9800)
1:235  0:000          Result of bootcode detection: bootable Windows (vista,win)
1:235  0:000  - [03]: Volume: PciRoot(0x0)\Pci(0x17,0x0)\Sata(0x0,0xFFFF,0x0)\HD(2,GPT,749DF394-9761-409E-B549-2651E07A6D0C,0xFA000,0x32000)
1:236  0:000          Result of bootcode detection: bootable Windows (vista,win)
1:238  0:001  - [04]: Volume: PciRoot(0x0)\Pci(0x17,0x0)\Sata(0x0,0xFFFF,0x0)\HD(3,GPT,7A72F835-82A5-4514-837D-22ECA628B204,0x12C000,0x8000)
1:238  0:000  - [05]: Volume: PciRoot(0x0)\Pci(0x17,0x0)\Sata(0x0,0xFFFF,0x0)\HD(4,GPT,D108C8FF-AA21-4BB8-9FFF-3C7D6A9F924D,0x134000,0x1DBBF000)
1:239  0:000          Result of bootcode detection: bootable Windows (vista,win)
1:239  0:000  - [06]: Volume: PciRoot(0x0)\Pci(0x17,0x0)\Sata(0x3,0xFFFF,0x0)\HD(1,GPT,DC62D093-0C72-4C58-BB16-AF9B61969752,0x28,0x64000)
1:240  0:000          Result of bootcode detection: bootable unknown (legacy)
1:241  0:001  - [07]: Volume: PciRoot(0x0)\Pci(0x17,0x0)\Sata(0x3,0xFFFF,0x0)\HD(2,GPT,1F9A3664-43A4-4FD9-9753-68E23D69BF92,0x64028,0x1D1A94A0)
1:242  0:000          Result of bootcode detection: bootable unknown (legacy)
1:242  0:000  - [08]: Volume: PciRoot(0x0)\Pci(0x17,0x0)\Sata(0x3,0xFFFF,0x0)\HD(3,GPT,AE56D3F9-7AE9-43FB-A4F0-1B31125DE68D,0x1D20D4C8,0x2E9ADD58)
1:242  0:000          Result of bootcode detection: bootable unknown (legacy)
1:243  0:000  - [09]: Volume: PciRoot(0x0)\Pci(0x17,0x0)\Sata(0x3,0xFFFF,0x0)\HD(4,GPT,E0D7C909-FB75-4D58-B80C-FB0B2B331D3F,0x4BBBB220,0x28B4BB68)
1:243  0:000          Result of bootcode detection: bootable unknown (legacy)
1:243  0:000  - [10]: Volume: PciRoot(0x0)\Pci(0x1B,0x4)\Pci(0x0,0x0)\NVMe(0x1,6A-3B-B3-81-54-38-25-00)
1:243  0:000  - [11]: Volume: PciRoot(0x0)\Pci(0x1B,0x4)\Pci(0x0,0x0)\NVMe(0x1,6A-3B-B3-81-54-38-25-00)\HD(1,GPT,110664B5-1165-416E-A6E0-92F6948486BE,0x28,0x64000)
1:244  0:000          Result of bootcode detection: bootable unknown (legacy)
1:244  0:000          This is SelfVolume !!
1:244  0:000  - [12]: Volume: PciRoot(0x0)\Pci(0x1B,0x4)\Pci(0x0,0x0)\NVMe(0x1,6A-3B-B3-81-54-38-25-00)\HD(2,GPT,2F41065B-DC20-485B-BCCB-AB3DAA8A0294,0x64028,0x1D161927)
1:244  0:000          Result of bootcode detection: bootable unknown (legacy)
1:244  0:000  - [13]: Volume: PciRoot(0x0)\Pci(0x17,0x0)\Sata(0x3,0xFFFF,0x0)\HD(2,GPT,1F9A3664-43A4-4FD9-9753-68E23D69BF92,0x64028,0x1D1A94A0)\VenMedia(BE74FCF7-0B7C-49F3-9147-01F4042E6842,BAB3D926B8E5894BA2BB2219BAF83FFC)
1:244  0:000          hiding this volume
1:244  0:000  - [14]: Volume: PciRoot(0x0)\Pci(0x17,0x0)\Sata(0x3,0xFFFF,0x0)\HD(2,GPT,1F9A3664-43A4-4FD9-9753-68E23D69BF92,0x64028,0x1D1A94A0)\VenMedia(BE74FCF7-0B7C-49F3-9147-01F4042E6842,AC8F6782DC4DA443A4624D4377877E6A)
1:244  0:000  - [15]: Volume: PciRoot(0x0)\Pci(0x17,0x0)\Sata(0x3,0xFFFF,0x0)\HD(2,GPT,1F9A3664-43A4-4FD9-9753-68E23D69BF92,0x64028,0x1D1A94A0)\VenMedia(BE74FCF7-0B7C-49F3-9147-01F4042E6842,3F8FF04631D56F4F9CA1670CF2EB062C)
1:244  0:000          hiding this volume
1:244  0:000  - [16]: Volume: PciRoot(0x0)\Pci(0x17,0x0)\Sata(0x3,0xFFFF,0x0)\HD(2,GPT,1F9A3664-43A4-4FD9-9753-68E23D69BF92,0x64028,0x1D1A94A0)\VenMedia(BE74FCF7-0B7C-49F3-9147-01F4042E6842,F5440198FD8D0944AE1EAC84FDC3CDA6)
1:244  0:000  - [17]: Volume: PciRoot(0x0)\Pci(0x1B,0x4)\Pci(0x0,0x0)\NVMe(0x1,6A-3B-B3-81-54-38-25-00)\HD(2,GPT,2F41065B-DC20-485B-BCCB-AB3DAA8A0294,0x64028,0x1D161927)\VenMedia(BE74FCF7-0B7C-49F3-9147-01F4042E6842,2ADB417F78361A4F99CF3111C26C6D08)
1:244  0:000          hiding this volume
1:244  0:000  - [18]: Volume: PciRoot(0x0)\Pci(0x1B,0x4)\Pci(0x0,0x0)\NVMe(0x1,6A-3B-B3-81-54-38-25-00)\HD(2,GPT,2F41065B-DC20-485B-BCCB-AB3DAA8A0294,0x64028,0x1D161927)\VenMedia(BE74FCF7-0B7C-49F3-9147-01F4042E6842,B5E62303719C224DA2BE3E0C9F343992)
1:244  0:000  - [19]: Volume: PciRoot(0x0)\Pci(0x1B,0x4)\Pci(0x0,0x0)\NVMe(0x1,6A-3B-B3-81-54-38-25-00)\HD(2,GPT,2F41065B-DC20-485B-BCCB-AB3DAA8A0294,0x64028,0x1D161927)\VenMedia(BE74FCF7-0B7C-49F3-9147-01F4042E6842,9060B8CF696F084AAE01F4BE7CA68887)
1:244  0:000          hiding this volume
1:244  0:000  - [20]: Volume: PciRoot(0x0)\Pci(0x1B,0x4)\Pci(0x0,0x0)\NVMe(0x1,6A-3B-B3-81-54-38-25-00)\HD(2,GPT,2F41065B-DC20-485B-BCCB-AB3DAA8A0294,0x64028,0x1D161927)\VenMedia(BE74FCF7-0B7C-49F3-9147-01F4042E6842,485167608DC56347B70FD8A52C2BD4E8)
1:245  0:000  No AudioIoProtocols, status=Not Found
1:245  0:000  === [ InitTheme ] =========================================
1:245  0:000  use daylight theme
1:246  0:001  Using theme 'Lightness256' (EFI\CLOVER\themes\Lightness256)
1:246  0:000  OS main and drive as badge
1:246  0:000  Warning! Character width 11 should be even!
1:246  0:000  file sound read: sound.wav Not Found
1:247  0:001  Loading font from ThemeDir: Success
1:247  0:000  theme inited
1:247  0:000  Chosen theme Lightness256
1:247  0:000  after NVRAM boot-args=darkwake=2
1:247  0:000  === [ Dump SMC keys from NVRAM ] ==========================
1:247  0:000  found AppleSMC protocol
1:265  0:017  Registered 16 SMC keys
1:267  0:001  === [ AddCustomEntries ] ==================================
1:267  0:000  Custom entry 0 FullTitle:"macOS Mojave" Path:"\0323E6B5-9C71-4D22-A2BE-3E0C9F343992\System\Library\CoreServices\boot.efi" Type:1 Flags:0x2 matching Volume:"2ADB417F78361A4F99CF3111C26C6D08"
1:267  0:000      Checking volume "EFI" (PciRoot(0x0)\Pci(0x17,0x0)\Sata(0x0,0xFFFF,0x0)\HD(2,GPT,749DF394-9761-409E-B549-2651E07A6D0C,0xFA000,0x32000)) ... skipped
1:267  0:000      Checking volume "EFI" (PciRoot(0x0)\Pci(0x17,0x0)\Sata(0x3,0xFFFF,0x0)\HD(1,GPT,DC62D093-0C72-4C58-BB16-AF9B61969752,0x28,0x64000)) ... skipped
1:267  0:000      Checking volume "EFI" (PciRoot(0x0)\Pci(0x1B,0x4)\Pci(0x0,0x0)\NVMe(0x1,6A-3B-B3-81-54-38-25-00)\HD(1,GPT,110664B5-1165-416E-A6E0-92F6948486BE,0x28,0x64000)) ... skipped
1:267  0:000      Checking volume "Preboot" (PciRoot(0x0)\Pci(0x17,0x0)\Sata(0x3,0xFFFF,0x0)\HD(2,GPT,1F9A3664-43A4-4FD9-9753-68E23D69BF92,0x64028,0x1D1A94A0)\VenMedia(BE74FCF7-0B7C-49F3-9147-01F4042E6842,BAB3D926B8E5894BA2BB2219BAF83FFC)) ... skipped because volume is hidden
1:267  0:000      Checking volume "Clone" (PciRoot(0x0)\Pci(0x17,0x0)\Sata(0x3,0xFFFF,0x0)\HD(2,GPT,1F9A3664-43A4-4FD9-9753-68E23D69BF92,0x64028,0x1D1A94A0)\VenMedia(BE74FCF7-0B7C-49F3-9147-01F4042E6842,AC8F6782DC4DA443A4624D4377877E6A)) ... skipped
1:267  0:000      Checking volume "Recovery" (PciRoot(0x0)\Pci(0x17,0x0)\Sata(0x3,0xFFFF,0x0)\HD(2,GPT,1F9A3664-43A4-4FD9-9753-68E23D69BF92,0x64028,0x1D1A94A0)\VenMedia(BE74FCF7-0B7C-49F3-9147-01F4042E6842,3F8FF04631D56F4F9CA1670CF2EB062C)) ... skipped because volume is hidden
1:267  0:000      Checking volume "VM" (PciRoot(0x0)\Pci(0x17,0x0)\Sata(0x3,0xFFFF,0x0)\HD(2,GPT,1F9A3664-43A4-4FD9-9753-68E23D69BF92,0x64028,0x1D1A94A0)\VenMedia(BE74FCF7-0B7C-49F3-9147-01F4042E6842,F5440198FD8D0944AE1EAC84FDC3CDA6)) ... skipped
1:267  0:000      Checking volume "Preboot" (PciRoot(0x0)\Pci(0x1B,0x4)\Pci(0x0,0x0)\NVMe(0x1,6A-3B-B3-81-54-38-25-00)\HD(2,GPT,2F41065B-DC20-485B-BCCB-AB3DAA8A0294,0x64028,0x1D161927)\VenMedia(BE74FCF7-0B7C-49F3-9147-01F4042E6842,2ADB417F78361A4F99CF3111C26C6D08)) ... skipped because volume is hidden
1:267  0:000      Checking volume "Macintosh SSD" (PciRoot(0x0)\Pci(0x1B,0x4)\Pci(0x0,0x0)\NVMe(0x1,6A-3B-B3-81-54-38-25-00)\HD(2,GPT,2F41065B-DC20-485B-BCCB-AB3DAA8A0294,0x64028,0x1D161927)\VenMedia(BE74FCF7-0B7C-49F3-9147-01F4042E6842,B5E62303719C224DA2BE3E0C9F343992)) ... skipped
1:267  0:000      Checking volume "Recovery" (PciRoot(0x0)\Pci(0x1B,0x4)\Pci(0x0,0x0)\NVMe(0x1,6A-3B-B3-81-54-38-25-00)\HD(2,GPT,2F41065B-DC20-485B-BCCB-AB3DAA8A0294,0x64028,0x1D161927)\VenMedia(BE74FCF7-0B7C-49F3-9147-01F4042E6842,9060B8CF696F084AAE01F4BE7CA68887)) ... skipped because volume is hidden
1:267  0:000      Checking volume "VM" (PciRoot(0x0)\Pci(0x1B,0x4)\Pci(0x0,0x0)\NVMe(0x1,6A-3B-B3-81-54-38-25-00)\HD(2,GPT,2F41065B-DC20-485B-BCCB-AB3DAA8A0294,0x64028,0x1D161927)\VenMedia(BE74FCF7-0B7C-49F3-9147-01F4042E6842,485167608DC56347B70FD8A52C2BD4E8)) ... skipped
1:267  0:000  === [ ScanLoader ] ========================================
1:267  0:000  - [03]: 'EFI'
1:277  0:010          AddLoaderEntry for Volume Name=EFI
1:290  0:012          AddLoaderEntry for Volume Name=EFI
1:290  0:000          skipped because entry is hidden
1:290  0:000  - [06]: 'EFI'
1:305  0:015          AddLoaderEntry for Volume Name=EFI
1:305  0:000          skipped because entry is hidden
1:305  0:000  - [11]: 'EFI'
1:307  0:001          AddLoaderEntry for Volume Name=EFI
1:307  0:000          skipped because entry is hidden
1:307  0:000  - [13]: 'Preboot', hidden
1:307  0:000  - [14]: 'Clone'
1:401  0:093          AddLoaderEntry for Volume Name=Clone
1:419  0:018      Check if volume Is Hibernated:
1:419  0:000      Check sleep image 'by signature':
1:452  0:032      read prefs \Library\Preferences\com.apple.PowerManagement.plist status=Success
1:452  0:000      using default sleep image name = \private\var\vm\sleepimage
1:469  0:017      sleepimage not found -> Not Found
1:469  0:000      hibernated: no - sign
1:515  0:045          AddLoaderEntry for Volume Name=Clone
1:515  0:000          skipped because entry is hidden
1:515  0:000  - [15]: 'Recovery', hidden
1:515  0:000  - [16]: 'VM'
1:515  0:000  - [17]: 'Preboot', hidden
1:515  0:000  - [18]: 'Macintosh SSD'
1:515  0:000  - [19]: 'Recovery', hidden
1:515  0:000  - [20]: 'VM'
1:515  0:000  Scanning legacy ...
1:515  0:000   2: 'Legacy HD1' (vista,win) add legacy
1:515  0:000   added 'Boot Windows from Legacy HD1' OSType=2 Icon=vista,win
1:515  0:000   3: 'EFI' (vista,win) add legacy
1:516  0:000   added 'Boot Windows from EFI' OSType=2 Icon=vista,win
1:516  0:000   5: 'Legacy HD4' (vista,win) add legacy
1:517  0:000   added 'Boot Windows from Legacy HD4' OSType=2 Icon=vista,win
1:517  0:000  === [ AddCustomTool ] =====================================
1:518  0:000  found tool \EFI\CLOVER\tools\Shell64U.efi
1:518  0:000  Checking EFI partition Volume 3 for Clover
1:521  0:003  Checking EFI partition Volume 6 for Clover
1:527  0:006   Found Clover
1:530  0:002  === [ GetEfiBootDeviceFromNvram ] =========================
1:530  0:000  Default boot entry not found
1:530  0:000  DefaultIndex=-1 and MainMenu.EntryCount=11
1:911  0:381  GUI ready
15:631  13:719  ReinitSelfLib after theme change
15:631  0:000  reinit: self device path=PciRoot(0x0)\Pci(0x1B,0x4)\Pci(0x0,0x0)\NVMe(0x1,6A-3B-B3-81-54-38-25-00)\HD(1,GPT,110664B5-1165-416E-A6E0-92F6948486BE,0x28,0x64000)
15:631  0:000  === [ ScanVolumes ] =======================================
15:631  0:000  Found 21 volumes with blockIO
15:631  0:000  - [00]: Volume: PciRoot(0x0)\Pci(0x17,0x0)\Sata(0x0,0xFFFF,0x0)
15:632  0:000  - [01]: Volume: PciRoot(0x0)\Pci(0x17,0x0)\Sata(0x3,0xFFFF,0x0)
15:632  0:000  - [02]: Volume: PciRoot(0x0)\Pci(0x17,0x0)\Sata(0x0,0xFFFF,0x0)\HD(1,GPT,6D7EEEA3-4DA7-41DA-8A33-49B71213C764,0x800,0xF9800)
15:633  0:000          Result of bootcode detection: bootable Windows (vista,win)
15:633  0:000  - [03]: Volume: PciRoot(0x0)\Pci(0x17,0x0)\Sata(0x0,0xFFFF,0x0)\HD(2,GPT,749DF394-9761-409E-B549-2651E07A6D0C,0xFA000,0x32000)
15:634  0:000          Result of bootcode detection: bootable Windows (vista,win)
15:636  0:001  - [04]: Volume: PciRoot(0x0)\Pci(0x17,0x0)\Sata(0x0,0xFFFF,0x0)\HD(3,GPT,7A72F835-82A5-4514-837D-22ECA628B204,0x12C000,0x8000)
15:636  0:000  - [05]: Volume: PciRoot(0x0)\Pci(0x17,0x0)\Sata(0x0,0xFFFF,0x0)\HD(4,GPT,D108C8FF-AA21-4BB8-9FFF-3C7D6A9F924D,0x134000,0x1DBBF000)
15:637  0:000          Result of bootcode detection: bootable Windows (vista,win)
15:637  0:000  - [06]: Volume: PciRoot(0x0)\Pci(0x17,0x0)\Sata(0x3,0xFFFF,0x0)\HD(1,GPT,DC62D093-0C72-4C58-BB16-AF9B61969752,0x28,0x64000)
15:638  0:000          Result of bootcode detection: bootable unknown (legacy)
15:640  0:001  - [07]: Volume: PciRoot(0x0)\Pci(0x17,0x0)\Sata(0x3,0xFFFF,0x0)\HD(2,GPT,1F9A3664-43A4-4FD9-9753-68E23D69BF92,0x64028,0x1D1A94A0)
15:640  0:000          Result of bootcode detection: bootable unknown (legacy)
15:640  0:000  - [08]: Volume: PciRoot(0x0)\Pci(0x17,0x0)\Sata(0x3,0xFFFF,0x0)\HD(3,GPT,AE56D3F9-7AE9-43FB-A4F0-1B31125DE68D,0x1D20D4C8,0x2E9ADD58)
15:641  0:000          Result of bootcode detection: bootable unknown (legacy)
15:641  0:000  - [09]: Volume: PciRoot(0x0)\Pci(0x17,0x0)\Sata(0x3,0xFFFF,0x0)\HD(4,GPT,E0D7C909-FB75-4D58-B80C-FB0B2B331D3F,0x4BBBB220,0x28B4BB68)
15:642  0:000          Result of bootcode detection: bootable unknown (legacy)
15:642  0:000  - [10]: Volume: PciRoot(0x0)\Pci(0x1B,0x4)\Pci(0x0,0x0)\NVMe(0x1,6A-3B-B3-81-54-38-25-00)
15:642  0:000  - [11]: Volume: PciRoot(0x0)\Pci(0x1B,0x4)\Pci(0x0,0x0)\NVMe(0x1,6A-3B-B3-81-54-38-25-00)\HD(1,GPT,110664B5-1165-416E-A6E0-92F6948486BE,0x28,0x64000)
15:642  0:000          Result of bootcode detection: bootable unknown (legacy)
15:642  0:000          This is SelfVolume !!
15:642  0:000  - [12]: Volume: PciRoot(0x0)\Pci(0x1B,0x4)\Pci(0x0,0x0)\NVMe(0x1,6A-3B-B3-81-54-38-25-00)\HD(2,GPT,2F41065B-DC20-485B-BCCB-AB3DAA8A0294,0x64028,0x1D161927)
15:642  0:000          Result of bootcode detection: bootable unknown (legacy)
15:642  0:000  - [13]: Volume: PciRoot(0x0)\Pci(0x17,0x0)\Sata(0x3,0xFFFF,0x0)\HD(2,GPT,1F9A3664-43A4-4FD9-9753-68E23D69BF92,0x64028,0x1D1A94A0)\VenMedia(BE74FCF7-0B7C-49F3-9147-01F4042E6842,BAB3D926B8E5894BA2BB2219BAF83FFC)
15:642  0:000  - [14]: Volume: PciRoot(0x0)\Pci(0x17,0x0)\Sata(0x3,0xFFFF,0x0)\HD(2,GPT,1F9A3664-43A4-4FD9-9753-68E23D69BF92,0x64028,0x1D1A94A0)\VenMedia(BE74FCF7-0B7C-49F3-9147-01F4042E6842,AC8F6782DC4DA443A4624D4377877E6A)
15:642  0:000  - [15]: Volume: PciRoot(0x0)\Pci(0x17,0x0)\Sata(0x3,0xFFFF,0x0)\HD(2,GPT,1F9A3664-43A4-4FD9-9753-68E23D69BF92,0x64028,0x1D1A94A0)\VenMedia(BE74FCF7-0B7C-49F3-9147-01F4042E6842,3F8FF04631D56F4F9CA1670CF2EB062C)
15:642  0:000  - [16]: Volume: PciRoot(0x0)\Pci(0x17,0x0)\Sata(0x3,0xFFFF,0x0)\HD(2,GPT,1F9A3664-43A4-4FD9-9753-68E23D69BF92,0x64028,0x1D1A94A0)\VenMedia(BE74FCF7-0B7C-49F3-9147-01F4042E6842,F5440198FD8D0944AE1EAC84FDC3CDA6)
15:643  0:000  - [17]: Volume: PciRoot(0x0)\Pci(0x1B,0x4)\Pci(0x0,0x0)\NVMe(0x1,6A-3B-B3-81-54-38-25-00)\HD(2,GPT,2F41065B-DC20-485B-BCCB-AB3DAA8A0294,0x64028,0x1D161927)\VenMedia(BE74FCF7-0B7C-49F3-9147-01F4042E6842,2ADB417F78361A4F99CF3111C26C6D08)
15:643  0:000  - [18]: Volume: PciRoot(0x0)\Pci(0x1B,0x4)\Pci(0x0,0x0)\NVMe(0x1,6A-3B-B3-81-54-38-25-00)\HD(2,GPT,2F41065B-DC20-485B-BCCB-AB3DAA8A0294,0x64028,0x1D161927)\VenMedia(BE74FCF7-0B7C-49F3-9147-01F4042E6842,B5E62303719C224DA2BE3E0C9F343992)
15:643  0:000  - [19]: Volume: PciRoot(0x0)\Pci(0x1B,0x4)\Pci(0x0,0x0)\NVMe(0x1,6A-3B-B3-81-54-38-25-00)\HD(2,GPT,2F41065B-DC20-485B-BCCB-AB3DAA8A0294,0x64028,0x1D161927)\VenMedia(BE74FCF7-0B7C-49F3-9147-01F4042E6842,9060B8CF696F084AAE01F4BE7CA68887)
15:643  0:000  - [20]: Volume: PciRoot(0x0)\Pci(0x1B,0x4)\Pci(0x0,0x0)\NVMe(0x1,6A-3B-B3-81-54-38-25-00)\HD(2,GPT,2F41065B-DC20-485B-BCCB-AB3DAA8A0294,0x64028,0x1D161927)\VenMedia(BE74FCF7-0B7C-49F3-9147-01F4042E6842,485167608DC56347B70FD8A52C2BD4E8)
15:643  0:000  No AudioIoProtocols, status=Not Found
15:643  0:000  theme inited
15:643  0:000  Chosen theme Lightness256
15:643  0:000  after NVRAM boot-args=darkwake=2
15:643  0:000  === [ AddCustomEntries ] ==================================
15:643  0:000  Custom entry 0 FullTitle:"macOS Mojave" Path:"\0323E6B5-9C71-4D22-A2BE-3E0C9F343992\System\Library\CoreServices\boot.efi" Type:1 Flags:0x2 matching Volume:"2ADB417F78361A4F99CF3111C26C6D08"
15:643  0:000      Checking volume "EFI" (PciRoot(0x0)\Pci(0x17,0x0)\Sata(0x0,0xFFFF,0x0)\HD(2,GPT,749DF394-9761-409E-B549-2651E07A6D0C,0xFA000,0x32000)) ... skipped
15:643  0:000      Checking volume "EFI" (PciRoot(0x0)\Pci(0x17,0x0)\Sata(0x3,0xFFFF,0x0)\HD(1,GPT,DC62D093-0C72-4C58-BB16-AF9B61969752,0x28,0x64000)) ... skipped
15:643  0:000      Checking volume "EFI" (PciRoot(0x0)\Pci(0x1B,0x4)\Pci(0x0,0x0)\NVMe(0x1,6A-3B-B3-81-54-38-25-00)\HD(1,GPT,110664B5-1165-416E-A6E0-92F6948486BE,0x28,0x64000)) ... skipped
15:643  0:000      Checking volume "Preboot" (PciRoot(0x0)\Pci(0x17,0x0)\Sata(0x3,0xFFFF,0x0)\HD(2,GPT,1F9A3664-43A4-4FD9-9753-68E23D69BF92,0x64028,0x1D1A94A0)\VenMedia(BE74FCF7-0B7C-49F3-9147-01F4042E6842,BAB3D926B8E5894BA2BB2219BAF83FFC)) ... skipped
15:643  0:000      Checking volume "Clone" (PciRoot(0x0)\Pci(0x17,0x0)\Sata(0x3,0xFFFF,0x0)\HD(2,GPT,1F9A3664-43A4-4FD9-9753-68E23D69BF92,0x64028,0x1D1A94A0)\VenMedia(BE74FCF7-0B7C-49F3-9147-01F4042E6842,AC8F6782DC4DA443A4624D4377877E6A)) ... skipped
15:643  0:000      Checking volume "Recovery" (PciRoot(0x0)\Pci(0x17,0x0)\Sata(0x3,0xFFFF,0x0)\HD(2,GPT,1F9A3664-43A4-4FD9-9753-68E23D69BF92,0x64028,0x1D1A94A0)\VenMedia(BE74FCF7-0B7C-49F3-9147-01F4042E6842,3F8FF04631D56F4F9CA1670CF2EB062C)) ... skipped
15:643  0:000      Checking volume "VM" (PciRoot(0x0)\Pci(0x17,0x0)\Sata(0x3,0xFFFF,0x0)\HD(2,GPT,1F9A3664-43A4-4FD9-9753-68E23D69BF92,0x64028,0x1D1A94A0)\VenMedia(BE74FCF7-0B7C-49F3-9147-01F4042E6842,F5440198FD8D0944AE1EAC84FDC3CDA6)) ... skipped
15:643  0:000      Checking volume "Preboot" (PciRoot(0x0)\Pci(0x1B,0x4)\Pci(0x0,0x0)\NVMe(0x1,6A-3B-B3-81-54-38-25-00)\HD(2,GPT,2F41065B-DC20-485B-BCCB-AB3DAA8A0294,0x64028,0x1D161927)\VenMedia(BE74FCF7-0B7C-49F3-9147-01F4042E6842,2ADB417F78361A4F99CF3111C26C6D08)) ... match!
15:658  0:015      Check if volume Is Hibernated:
15:658  0:000      Check sleep image 'by signature':
15:659  0:000      using default sleep image name = \private\var\vm\sleepimage
15:659  0:000      sleepimage not found -> Not Found
15:659  0:000      hibernated: no - sign
15:660  0:000  Custom settings: <null string>.plist will  be applied
15:661  0:000      Checking volume "Macintosh SSD" (PciRoot(0x0)\Pci(0x1B,0x4)\Pci(0x0,0x0)\NVMe(0x1,6A-3B-B3-81-54-38-25-00)\HD(2,GPT,2F41065B-DC20-485B-BCCB-AB3DAA8A0294,0x64028,0x1D161927)\VenMedia(BE74FCF7-0B7C-49F3-9147-01F4042E6842,B5E62303719C224DA2BE3E0C9F343992)) ... skipped
15:661  0:000      Checking volume "Recovery" (PciRoot(0x0)\Pci(0x1B,0x4)\Pci(0x0,0x0)\NVMe(0x1,6A-3B-B3-81-54-38-25-00)\HD(2,GPT,2F41065B-DC20-485B-BCCB-AB3DAA8A0294,0x64028,0x1D161927)\VenMedia(BE74FCF7-0B7C-49F3-9147-01F4042E6842,9060B8CF696F084AAE01F4BE7CA68887)) ... skipped
15:661  0:000      Checking volume "VM" (PciRoot(0x0)\Pci(0x1B,0x4)\Pci(0x0,0x0)\NVMe(0x1,6A-3B-B3-81-54-38-25-00)\HD(2,GPT,2F41065B-DC20-485B-BCCB-AB3DAA8A0294,0x64028,0x1D161927)\VenMedia(BE74FCF7-0B7C-49F3-9147-01F4042E6842,485167608DC56347B70FD8A52C2BD4E8)) ... skipped
15:661  0:000  === [ ScanLoader ] ========================================
15:661  0:000  - [03]: 'EFI'
15:670  0:009          AddLoaderEntry for Volume Name=EFI
15:678  0:008          AddLoaderEntry for Volume Name=EFI
15:680  0:001  - [06]: 'EFI'
15:695  0:015          AddLoaderEntry for Volume Name=EFI
15:696  0:000  - [11]: 'EFI'
15:698  0:001          AddLoaderEntry for Volume Name=EFI
15:698  0:000       skipped because path `PciRoot(0x0)\Pci(0x1B,0x4)\Pci(0x0,0x0)\NVMe(0x1,6A-3B-B3-81-54-38-25-00)\HD(1,GPT,110664B5-1165-416E-A6E0-92F6948486BE,0x28,0x64000)\EFI\BOOT\BOOTX64.efii` is self path!
15:698  0:000  - [13]: 'Preboot'
15:708  0:010          AddLoaderEntry for Volume Name=Preboot
15:717  0:009      Check if volume Is Hibernated:
15:717  0:000      Check sleep image 'by signature':
15:718  0:000      using default sleep image name = \private\var\vm\sleepimage
15:718  0:000      sleepimage not found -> Not Found
15:718  0:000      hibernated: no - sign
15:723  0:005          AddLoaderEntry for Volume Name=Preboot
15:745  0:021  - [14]: 'Clone'
15:810  0:065          AddLoaderEntry for Volume Name=Clone
15:827  0:016      Check if volume Is Hibernated:
15:827  0:000      Check sleep image 'by signature':
15:845  0:017      read prefs \Library\Preferences\com.apple.PowerManagement.plist status=Success
15:845  0:000      using default sleep image name = \private\var\vm\sleepimage
15:851  0:006      sleepimage not found -> Not Found
15:851  0:000      hibernated: no - sign
15:889  0:037          AddLoaderEntry for Volume Name=Clone
15:890  0:000  - [15]: 'Recovery'
15:897  0:007          AddLoaderEntry for Volume Name=Recovery
15:913  0:016  - [16]: 'VM'
15:913  0:000  - [17]: 'Preboot'
15:925  0:011          AddLoaderEntry for Volume Name=Preboot
15:925  0:000       skipped because path `PciRoot(0x0)\Pci(0x1B,0x4)\Pci(0x0,0x0)\NVMe(0x1,6A-3B-B3-81-54-38-25-00)\HD(2,GPT,2F41065B-DC20-485B-BCCB-AB3DAA8A0294,0x64028,0x1D161927)\VenMedia(BE74FCF7-0B7C-49F3-9147-01F4042E6842,2ADB417F78361A4F99CF3111C26C6D08)\0323E6B5-9C71-4D22-A2BE-3E0C9F343992\System\Library\CoreServices\boot.efii` already exists for another entry!
15:928  0:003          AddLoaderEntry for Volume Name=Preboot
15:946  0:018  - [18]: 'Macintosh SSD'
15:946  0:000  - [19]: 'Recovery'
15:957  0:010          AddLoaderEntry for Volume Name=Recovery
15:970  0:013  - [20]: 'VM'
15:970  0:000  Scanning legacy ...
15:970  0:000   2: 'Legacy HD1' (vista,win) add legacy
15:971  0:000   added 'Boot Windows from Legacy HD1' OSType=2 Icon=vista,win
15:971  0:000   3: 'EFI' (vista,win) add legacy
15:972  0:000   added 'Boot Windows from EFI' OSType=2 Icon=vista,win
15:972  0:000   5: 'Legacy HD4' (vista,win) add legacy
15:972  0:000   added 'Boot Windows from Legacy HD4' OSType=2 Icon=vista,win
15:972  0:000  === [ AddCustomTool ] =====================================
15:973  0:000  found tool \EFI\CLOVER\tools\Shell64U.efi
15:973  0:000  Checking EFI partition Volume 3 for Clover
15:976  0:003  Checking EFI partition Volume 6 for Clover
15:979  0:003   Found Clover
15:979  0:000  === [ GetEfiBootDeviceFromNvram ] =========================
15:979  0:000   - found entry 0. 'macOS Mojave', Volume 'Preboot', DevicePath 'PciRoot(0x0)\Pci(0x1B,0x4)\Pci(0x0,0x0)\NVMe(0x1,6A-3B-B3-81-54-38-25-00)\HD(2,GPT,2F41065B-DC20-485B-BCCB-AB3DAA8A0294,0x64028,0x1D161927)\VenMedia(BE74FCF7-0B7C-49F3-9147-01F4042E6842,2ADB417F78361A4F99CF3111C26C6D08)\0323E6B5-9C71-4D22-A2BE-3E0C9F343992\System\Library\CoreServices\boot.efii'
15:979  0:000  DefaultIndex=0 and MainMenu.EntryCount=20
18:715  2:736  BootVariable of the entry is empty
18:715  0:000  === [ StartLoader ] =======================================
18:715  0:000  Finally: ExternalClock=25MHz BusSpeed=99764kHz CPUFreq=3192MHz PIS: hw.busfrequency=100000000Hz
18:715  0:000  Loading boot.efi  status=Success
18:829  0:113  GetOSVersion: 10.14.4 (18E226)
18:829  0:000  CSR_CFG: CSR_ALLOW_UNTRUSTED_KEXTS
18:829  0:000  Will not patch boot.efi
18:829  0:000  === [ PatchSmbios ] =======================================
18:829  0:000  insert table 9 for dev 0:0
18:829  0:000  insert table 9 for dev 0:1
18:829  0:000  insert table 9 for dev 1F:6
18:829  0:000  insert table 9 for dev 0:0
18:830  0:000  Trusting SMBIOS...
18:830  0:000  Channels: 2
18:830  0:000  Interleave: 0 2 1 3 4 6 5 7 8 10 9 11 12 14 13 15 16 18 17 19 20 22 21 23
18:830  0:000   partNum=F4-3200C16-8GVKB    
18:830  0:000  SMBIOS Type 17 Index = 0 => 0 0:
18:830  0:000  BANK 0 DIMM0 3600MHz 8192MB
18:830  0:000   partNum=F4-3200C16-8GVKB    
18:830  0:000  SMBIOS Type 17 Index = 1 => 2 2:
18:830  0:000  BANK 1 DIMM0 3600MHz 8192MB
18:830  0:000  SMBIOS Type 17 Index = 2 => 1 1:
18:830  0:000  BANK 0 DIMM1 EMPTY
18:830  0:000  SMBIOS Type 17 Index = 3 => 3 3:
18:830  0:000  BANK 1 DIMM1 EMPTY
18:830  0:000  mTotalSystemMemory = 16384
18:830  0:000  NumberOfMemoryDevices = 4
18:830  0:000  Type20[0]->End = 0x7FFFFF, Type17[0] = 0x2000
18:830  0:000  Type20[1]->End = 0xFFFFFF, Type17[1] = 0x6000
18:830  0:000  Table 131 is present, CPUType=35
18:830  0:000  Change to: 705
18:830  0:000  === [ PatchACPI ] =========================================
18:830  0:000  Xsdt reallocation done
18:830  0:000  old FADT length=114
18:830  0:000   SignatureFixup: 0xC04EE763 -> 0x0
18:831  0:000  Apply DsdtFixMask=0x00000000
18:831  0:000     drop _DSM mask=0xFFFF
18:831  0:000  === [ FixBiosDsdt ] =======================================
18:831  0:000    0 replacements
18:831  0:000  PreCleanup XSDT: count=25, length=236
18:831  0:000  PreCleanup XSDT, corrected XSDT: count=25, length=236
18:831  0:000  === [ ACPIDropTables ] ====================================
18:831  0:000    0 replacements
18:831  0:000    0 replacements
18:831  0:000  Found OperationRegion(GGGT, SystemMemory, B54B0018, ...)
18:831  0:000    0 replacements
18:831  0:000  Found OperationRegion(SANV, SystemMemory, B54B0C18, ...)
18:831  0:000    0 replacements
18:832  0:000    0 replacements
18:832  0:000    0 replacements
18:832  0:000    0 replacements
18:832  0:000  Found OperationRegion(PNVS, SystemMemory, AA639000, ...)
18:832  0:000    0 replacements
18:832  0:000    0 replacements
18:832  0:000    0 replacements
18:832  0:000    0 replacements
18:832  0:000    0 replacements
18:832  0:000  === [ ACPIPatchedAML ] ====================================
18:832  0:000  Unsorted
18:832  0:000  Inserting SSDT-EC.aml from EFI\CLOVER\ACPI\patched: size=63 ... Success
18:832  0:000  CPUBase=0 and ApicCPUBase=1 ApicCPUNum=1
18:832  0:000  Maximum control=0x20
18:832  0:000  Turbo control=0x2E
18:832  0:000  P-States: min 0x8, max 0x2E
18:832  0:000  SSDT with plugin-type without P-States is generated
18:832  0:000  Cleanup XSDT: count=27, length=252
18:832  0:000  corrected XSDT count=27, length=252
18:832  0:000  === [ RestSetup macOS ] ===================================
18:832  0:000  EdidDiscovered size=128
18:832  0:000  --- Discovered EDID Table size:128
18:832  0:000  000  |  00  FF  FF  FF  FF  FF  FF  00  10  AC
18:832  0:000  010  |  C1  D0  54  43  32  31  2D  1B  01  04
18:832  0:000  020  |  A5  35  1E  78  3A  AD  75  A9  54  4D
18:832  0:000  030  |  9D  26  0F  50  54  A5  4B  00  81  00
18:832  0:000  040  |  B3  00  D1  00  71  4F  A9  40  81  80
18:832  0:000  050  |  D1  C0  01  01  56  5E  00  A0  A0  A0
18:832  0:000  060  |  29  50  30  20  35  00  0E  28  21  00
18:832  0:000  070  |  00  1A  00  00  00  FF  00  4D  59  33
18:832  0:000  080  |  4E  44  37  42  43  31  32  43  54  0A
18:832  0:000  090  |  00  00  00  FC  00  44  45  4C  4C  20
18:832  0:000  100  |  50  32  34  31  38  44  0A  20  00  00
18:832  0:000  110  |  00  FD  00  31  56  1D  71  1C  01  0A
18:832  0:000  120  |  20  20  20  20  20  20  01  C3
18:832  0:000  add device: PciRoot(0x0)/Pci(0x2,0x0)
18:832  0:000     Add key=framebuffer-unifiedmem valuelen=4
18:832  0:000     Add key=framebuffer-patch-enable valuelen=4
18:832  0:000     Add key=enable-hdmi20 valuelen=4
18:832  0:000     Add key=device-id valuelen=4
18:832  0:000     Add key=AAPL,ig-platform-id valuelen=4
18:832  0:000  ATI injection not set
18:832  0:000  Intel UHD Graphics 630 [8086:3E92] :: PciRoot(0x0)\Pci(0x2,0x0)
18:832  0:000    FakeID Intel GFX = 0x3E928086
18:832  0:000    ig-platform-id = 0x3E920003
18:832  0:000  Intel GFX revision  = 0x0
18:832  0:000   RCBA disabled; cannot use it
18:832  0:000   setting specified layout-id=7 (0x7)
18:832  0:000  stringlength = 2170
18:832  0:000  CurrentMode: Width=2560 Height=1440
18:832  0:000  Beginning FSInjection
FSInjectionInstall ...
- Our FSI_SIMPLE_FILE_SYSTEM_PROTOCOL installed on handle: AF112918
FSInjectionInstall ...
- Our FSI_SIMPLE_FILE_SYSTEM_PROTOCOL installed on handle: AF112918
18:838  0:005  Use origin smbios table type 1 guid.
18:847  0:008  Preparing kexts injection for arch=x86_64 from EFI\CLOVER\kexts\Other
18:847  0:000  Extra kext: EFI\CLOVER\kexts\Other\FakeSMC.kext (v.1800)
18:848  0:001  Preparing kexts injection for arch=x86_64 from EFI\CLOVER\kexts\10.14
18:850  0:001  SetScreenResolution: 2560x1440 - already set
18:850  0:000  Custom boot is disabled
18:851  0:001  Closing log
